The system is: Linux - 2.6.18-274.3.1.tb443.el5 - x86_64
Compiling the C compiler identification source file "CMakeCCompilerId.c" succeeded.
Compiler: /usr/bin/gcc44 
Build flags: 
Id flags: 

The output was:
0


Compilation of the C compiler identification source "CMakeCCompilerId.c" produced "a.out"

The C compiler identification is GNU, found in "/home/mingchao.xiamc/practice/c/kcov/kcov-21/CMakeFiles/3.0.0/CompilerIdC/a.out"

Compiling the CXX compiler identification source file "CMakeCXXCompilerId.cpp" succeeded.
Compiler: /usr/bin/g++44 
Build flags: 
Id flags: 

The output was:
0


Compilation of the CXX compiler identification source "CMakeCXXCompilerId.cpp" produced "a.out"

The CXX compiler identification is GNU, found in "/home/mingchao.xiamc/practice/c/kcov/kcov-21/CMakeFiles/3.0.0/CompilerIdCXX/a.out"

Determining if the C compiler works passed with the following output:
Change Dir: /home/mingchao.xiamc/practice/c/kcov/kcov-21/CMakeFiles/CMakeTmp

Run Build Command:"/usr/bin/gmake" "cmTryCompileExec3082863500/fast"
/usr/bin/gmake -f CMakeFiles/cmTryCompileExec3082863500.dir/build.make CMakeFiles/cmTryCompileExec3082863500.dir/build
gmake[1]: Entering directory `/home/mingchao.xiamc/practice/c/kcov/kcov-21/CMakeFiles/CMakeTmp'
/usr/local/bin/cmake -E cmake_progress_report /home/mingchao.xiamc/practice/c/kcov/kcov-21/CMakeFiles/CMakeTmp/CMakeFiles 1
Building C object CMakeFiles/cmTryCompileExec3082863500.dir/testCCompiler.c.o
/usr/bin/gcc44    -o CMakeFiles/cmTryCompileExec3082863500.dir/testCCompiler.c.o   -c /home/mingchao.xiamc/practice/c/kcov/kcov-21/CMakeFiles/CMakeTmp/testCCompiler.c
Linking C executable cmTryCompileExec3082863500
/usr/local/bin/cmake -E cmake_link_script CMakeFiles/cmTryCompileExec3082863500.dir/link.txt --verbose=1
/usr/bin/gcc44       CMakeFiles/cmTryCompileExec3082863500.dir/testCCompiler.c.o  -o cmTryCompileExec3082863500 -rdynamic 
gmake[1]: Leaving directory `/home/mingchao.xiamc/practice/c/kcov/kcov-21/CMakeFiles/CMakeTmp'


Detecting C compiler ABI info compiled with the following output:
Change Dir: /home/mingchao.xiamc/practice/c/kcov/kcov-21/CMakeFiles/CMakeTmp

Run Build Command:"/usr/bin/gmake" "cmTryCompileExec1184303079/fast"
/usr/bin/gmake -f CMakeFiles/cmTryCompileExec1184303079.dir/build.make CMakeFiles/cmTryCompileExec1184303079.dir/build
gmake[1]: Entering directory `/home/mingchao.xiamc/practice/c/kcov/kcov-21/CMakeFiles/CMakeTmp'
/usr/local/bin/cmake -E cmake_progress_report /home/mingchao.xiamc/practice/c/kcov/kcov-21/CMakeFiles/CMakeTmp/CMakeFiles 1
Building C object CMakeFiles/cmTryCompileExec1184303079.dir/CMakeCCompilerABI.c.o
/usr/bin/gcc44    -o CMakeFiles/cmTryCompileExec1184303079.dir/CMakeCCompilerABI.c.o   -c /usr/local/share/cmake-3.0/Modules/CMakeCCompilerABI.c
Linking C executable cmTryCompileExec1184303079
/usr/local/bin/cmake -E cmake_link_script CMakeFiles/cmTryCompileExec1184303079.dir/link.txt --verbose=1
/usr/bin/gcc44     -v CMakeFiles/cmTryCompileExec1184303079.dir/CMakeCCompilerABI.c.o  -o cmTryCompileExec1184303079 -rdynamic  
Using built-in specs.
Target: x86_64-redhat-linux6E
Configured with: ../configure --prefix=/usr --mandir=/usr/share/man --infodir=/usr/share/info --with-bugurl=http://bugzilla.redhat.com/bugzilla --enable-bootstrap --enable-shared --enable-threads=posix --enable-checking=release --with-system-zlib --enable-__cxa_atexit --disable-libunwind-exceptions --disable-gnu-unique-object --with-as=/usr/libexec/binutils220/as --enable-languages=c,c++,fortran --disable-libgcj --with-mpfr=/builddir/build/BUILD/gcc-4.4.6-20110824/obj-x86_64-redhat-linux6E/mpfr-install/ --with-ppl=/builddir/build/BUILD/gcc-4.4.6-20110824/obj-x86_64-redhat-linux6E/ppl-install --with-cloog=/builddir/build/BUILD/gcc-4.4.6-20110824/obj-x86_64-redhat-linux6E/cloog-install --with-tune=generic --with-arch_32=i586 --build=x86_64-redhat-linux6E
Thread model: posix
gcc version 4.4.6 20110731 (Red Hat 4.4.6-3) (GCC) 
COMPILER_PATH=/usr/libexec/gcc/x86_64-redhat-linux6E/4.4.6/:/usr/libexec/gcc/x86_64-redhat-linux6E/4.4.6/:/usr/libexec/gcc/x86_64-redhat-linux6E/:/usr/lib/gcc/x86_64-redhat-linux6E/4.4.6/:/usr/lib/gcc/x86_64-redhat-linux6E/:/usr/libexec/gcc/x86_64-redhat-linux6E/4.4.6/:/usr/libexec/gcc/x86_64-redhat-linux6E/:/usr/lib/gcc/x86_64-redhat-linux6E/4.4.6/:/usr/lib/gcc/x86_64-redhat-linux6E/
LIBRARY_PATH=/usr/lib/gcc/x86_64-redhat-linux6E/4.4.6/:/usr/lib/gcc/x86_64-redhat-linux6E/4.4.6/:/usr/lib/gcc/x86_64-redhat-linux6E/4.4.6/../../../../lib64/:/lib/../lib64/:/usr/lib/../lib64/:/usr/lib/gcc/x86_64-redhat-linux6E/4.4.6/../../../:/lib/:/usr/lib/
COLLECT_GCC_OPTIONS='-v' '-o' 'cmTryCompileExec1184303079' '-rdynamic' '-mtune=generic'
 /usr/libexec/gcc/x86_64-redhat-linux6E/4.4.6/collect2 --eh-frame-hdr -m elf_x86_64 --hash-style=gnu -export-dynamic -dynamic-linker /lib64/ld-linux-x86-64.so.2 -o cmTryCompileExec1184303079 /usr/lib/gcc/x86_64-redhat-linux6E/4.4.6/../../../../lib64/crt1.o /usr/lib/gcc/x86_64-redhat-linux6E/4.4.6/../../../../lib64/crti.o /usr/lib/gcc/x86_64-redhat-linux6E/4.4.6/crtbegin.o -L/usr/lib/gcc/x86_64-redhat-linux6E/4.4.6 -L/usr/lib/gcc/x86_64-redhat-linux6E/4.4.6 -L/usr/lib/gcc/x86_64-redhat-linux6E/4.4.6/../../../../lib64 -L/lib/../lib64 -L/usr/lib/../lib64 -L/usr/lib/gcc/x86_64-redhat-linux6E/4.4.6/../../.. CMakeFiles/cmTryCompileExec1184303079.dir/CMakeCCompilerABI.c.o -lgcc --as-needed -lgcc_s --no-as-needed -lc -lgcc --as-needed -lgcc_s --no-as-needed /usr/lib/gcc/x86_64-redhat-linux6E/4.4.6/crtend.o /usr/lib/gcc/x86_64-redhat-linux6E/4.4.6/../../../../lib64/crtn.o
gmake[1]: Leaving directory `/home/mingchao.xiamc/practice/c/kcov/kcov-21/CMakeFiles/CMakeTmp'


Parsed C implicit link information from above output:
  link line regex: [^( *|.*[/\])(ld|([^/\]+-)?ld|collect2)[^/\]*( |$)]
  ignore line: [Change Dir: /home/mingchao.xiamc/practice/c/kcov/kcov-21/CMakeFiles/CMakeTmp]
  ignore line: []
  ignore line: [Run Build Command:"/usr/bin/gmake" "cmTryCompileExec1184303079/fast"]
  ignore line: [/usr/bin/gmake -f CMakeFiles/cmTryCompileExec1184303079.dir/build.make CMakeFiles/cmTryCompileExec1184303079.dir/build]
  ignore line: [gmake[1]: Entering directory `/home/mingchao.xiamc/practice/c/kcov/kcov-21/CMakeFiles/CMakeTmp']
  ignore line: [/usr/local/bin/cmake -E cmake_progress_report /home/mingchao.xiamc/practice/c/kcov/kcov-21/CMakeFiles/CMakeTmp/CMakeFiles 1]
  ignore line: [Building C object CMakeFiles/cmTryCompileExec1184303079.dir/CMakeCCompilerABI.c.o]
  ignore line: [/usr/bin/gcc44    -o CMakeFiles/cmTryCompileExec1184303079.dir/CMakeCCompilerABI.c.o   -c /usr/local/share/cmake-3.0/Modules/CMakeCCompilerABI.c]
  ignore line: [Linking C executable cmTryCompileExec1184303079]
  ignore line: [/usr/local/bin/cmake -E cmake_link_script CMakeFiles/cmTryCompileExec1184303079.dir/link.txt --verbose=1]
  ignore line: [/usr/bin/gcc44     -v CMakeFiles/cmTryCompileExec1184303079.dir/CMakeCCompilerABI.c.o  -o cmTryCompileExec1184303079 -rdynamic  ]
  ignore line: [Using built-in specs.]
  ignore line: [Target: x86_64-redhat-linux6E]
  ignore line: [Configured with: ../configure --prefix=/usr --mandir=/usr/share/man --infodir=/usr/share/info --with-bugurl=http://bugzilla.redhat.com/bugzilla --enable-bootstrap --enable-shared --enable-threads=posix --enable-checking=release --with-system-zlib --enable-__cxa_atexit --disable-libunwind-exceptions --disable-gnu-unique-object --with-as=/usr/libexec/binutils220/as --enable-languages=c,c++,fortran --disable-libgcj --with-mpfr=/builddir/build/BUILD/gcc-4.4.6-20110824/obj-x86_64-redhat-linux6E/mpfr-install/ --with-ppl=/builddir/build/BUILD/gcc-4.4.6-20110824/obj-x86_64-redhat-linux6E/ppl-install --with-cloog=/builddir/build/BUILD/gcc-4.4.6-20110824/obj-x86_64-redhat-linux6E/cloog-install --with-tune=generic --with-arch_32=i586 --build=x86_64-redhat-linux6E]
  ignore line: [Thread model: posix]
  ignore line: [gcc version 4.4.6 20110731 (Red Hat 4.4.6-3) (GCC) ]
  ignore line: [COMPILER_PATH=/usr/libexec/gcc/x86_64-redhat-linux6E/4.4.6/:/usr/libexec/gcc/x86_64-redhat-linux6E/4.4.6/:/usr/libexec/gcc/x86_64-redhat-linux6E/:/usr/lib/gcc/x86_64-redhat-linux6E/4.4.6/:/usr/lib/gcc/x86_64-redhat-linux6E/:/usr/libexec/gcc/x86_64-redhat-linux6E/4.4.6/:/usr/libexec/gcc/x86_64-redhat-linux6E/:/usr/lib/gcc/x86_64-redhat-linux6E/4.4.6/:/usr/lib/gcc/x86_64-redhat-linux6E/]
  ignore line: [LIBRARY_PATH=/usr/lib/gcc/x86_64-redhat-linux6E/4.4.6/:/usr/lib/gcc/x86_64-redhat-linux6E/4.4.6/:/usr/lib/gcc/x86_64-redhat-linux6E/4.4.6/../../../../lib64/:/lib/../lib64/:/usr/lib/../lib64/:/usr/lib/gcc/x86_64-redhat-linux6E/4.4.6/../../../:/lib/:/usr/lib/]
  ignore line: [COLLECT_GCC_OPTIONS='-v' '-o' 'cmTryCompileExec1184303079' '-rdynamic' '-mtune=generic']
  link line: [ /usr/libexec/gcc/x86_64-redhat-linux6E/4.4.6/collect2 --eh-frame-hdr -m elf_x86_64 --hash-style=gnu -export-dynamic -dynamic-linker /lib64/ld-linux-x86-64.so.2 -o cmTryCompileExec1184303079 /usr/lib/gcc/x86_64-redhat-linux6E/4.4.6/../../../../lib64/crt1.o /usr/lib/gcc/x86_64-redhat-linux6E/4.4.6/../../../../lib64/crti.o /usr/lib/gcc/x86_64-redhat-linux6E/4.4.6/crtbegin.o -L/usr/lib/gcc/x86_64-redhat-linux6E/4.4.6 -L/usr/lib/gcc/x86_64-redhat-linux6E/4.4.6 -L/usr/lib/gcc/x86_64-redhat-linux6E/4.4.6/../../../../lib64 -L/lib/../lib64 -L/usr/lib/../lib64 -L/usr/lib/gcc/x86_64-redhat-linux6E/4.4.6/../../.. CMakeFiles/cmTryCompileExec1184303079.dir/CMakeCCompilerABI.c.o -lgcc --as-needed -lgcc_s --no-as-needed -lc -lgcc --as-needed -lgcc_s --no-as-needed /usr/lib/gcc/x86_64-redhat-linux6E/4.4.6/crtend.o /usr/lib/gcc/x86_64-redhat-linux6E/4.4.6/../../../../lib64/crtn.o]
    arg [/usr/libexec/gcc/x86_64-redhat-linux6E/4.4.6/collect2] ==> ignore
    arg [--eh-frame-hdr] ==> ignore
    arg [-m] ==> ignore
    arg [elf_x86_64] ==> ignore
    arg [--hash-style=gnu] ==> ignore
    arg [-export-dynamic] ==> ignore
    arg [-dynamic-linker] ==> ignore
    arg [/lib64/ld-linux-x86-64.so.2] ==> ignore
    arg [-o] ==> ignore
    arg [cmTryCompileExec1184303079] ==> ignore
    arg [/usr/lib/gcc/x86_64-redhat-linux6E/4.4.6/../../../../lib64/crt1.o] ==> ignore
    arg [/usr/lib/gcc/x86_64-redhat-linux6E/4.4.6/../../../../lib64/crti.o] ==> ignore
    arg [/usr/lib/gcc/x86_64-redhat-linux6E/4.4.6/crtbegin.o] ==> ignore
    arg [-L/usr/lib/gcc/x86_64-redhat-linux6E/4.4.6] ==> dir [/usr/lib/gcc/x86_64-redhat-linux6E/4.4.6]
    arg [-L/usr/lib/gcc/x86_64-redhat-linux6E/4.4.6] ==> dir [/usr/lib/gcc/x86_64-redhat-linux6E/4.4.6]
    arg [-L/usr/lib/gcc/x86_64-redhat-linux6E/4.4.6/../../../../lib64] ==> dir [/usr/lib/gcc/x86_64-redhat-linux6E/4.4.6/../../../../lib64]
    arg [-L/lib/../lib64] ==> dir [/lib/../lib64]
    arg [-L/usr/lib/../lib64] ==> dir [/usr/lib/../lib64]
    arg [-L/usr/lib/gcc/x86_64-redhat-linux6E/4.4.6/../../..] ==> dir [/usr/lib/gcc/x86_64-redhat-linux6E/4.4.6/../../..]
    arg [CMakeFiles/cmTryCompileExec1184303079.dir/CMakeCCompilerABI.c.o] ==> ignore
    arg [-lgcc] ==> lib [gcc]
    arg [--as-needed] ==> ignore
    arg [-lgcc_s] ==> lib [gcc_s]
    arg [--no-as-needed] ==> ignore
    arg [-lc] ==> lib [c]
    arg [-lgcc] ==> lib [gcc]
    arg [--as-needed] ==> ignore
    arg [-lgcc_s] ==> lib [gcc_s]
    arg [--no-as-needed] ==> ignore
    arg [/usr/lib/gcc/x86_64-redhat-linux6E/4.4.6/crtend.o] ==> ignore
    arg [/usr/lib/gcc/x86_64-redhat-linux6E/4.4.6/../../../../lib64/crtn.o] ==> ignore
  remove lib [gcc]
  remove lib [gcc_s]
  remove lib [gcc]
  remove lib [gcc_s]
  collapse library dir [/usr/lib/gcc/x86_64-redhat-linux6E/4.4.6] ==> [/usr/lib/gcc/x86_64-redhat-linux6E/4.4.6]
  collapse library dir [/usr/lib/gcc/x86_64-redhat-linux6E/4.4.6] ==> [/usr/lib/gcc/x86_64-redhat-linux6E/4.4.6]
  collapse library dir [/usr/lib/gcc/x86_64-redhat-linux6E/4.4.6/../../../../lib64] ==> [/usr/lib64]
  collapse library dir [/lib/../lib64] ==> [/lib64]
  collapse library dir [/usr/lib/../lib64] ==> [/usr/lib64]
  collapse library dir [/usr/lib/gcc/x86_64-redhat-linux6E/4.4.6/../../..] ==> [/usr/lib]
  implicit libs: [c]
  implicit dirs: [/usr/lib/gcc/x86_64-redhat-linux6E/4.4.6;/usr/lib64;/lib64;/usr/lib]
  implicit fwks: []


Determining if the CXX compiler works passed with the following output:
Change Dir: /home/mingchao.xiamc/practice/c/kcov/kcov-21/CMakeFiles/CMakeTmp

Run Build Command:"/usr/bin/gmake" "cmTryCompileExec333963011/fast"
/usr/bin/gmake -f CMakeFiles/cmTryCompileExec333963011.dir/build.make CMakeFiles/cmTryCompileExec333963011.dir/build
gmake[1]: Entering directory `/home/mingchao.xiamc/practice/c/kcov/kcov-21/CMakeFiles/CMakeTmp'
/usr/local/bin/cmake -E cmake_progress_report /home/mingchao.xiamc/practice/c/kcov/kcov-21/CMakeFiles/CMakeTmp/CMakeFiles 1
Building CXX object CMakeFiles/cmTryCompileExec333963011.dir/testCXXCompiler.cxx.o
/usr/bin/g++44     -o CMakeFiles/cmTryCompileExec333963011.dir/testCXXCompiler.cxx.o -c /home/mingchao.xiamc/practice/c/kcov/kcov-21/CMakeFiles/CMakeTmp/testCXXCompiler.cxx
Linking CXX executable cmTryCompileExec333963011
/usr/local/bin/cmake -E cmake_link_script CMakeFiles/cmTryCompileExec333963011.dir/link.txt --verbose=1
/usr/bin/g++44        CMakeFiles/cmTryCompileExec333963011.dir/testCXXCompiler.cxx.o  -o cmTryCompileExec333963011 -rdynamic 
gmake[1]: Leaving directory `/home/mingchao.xiamc/practice/c/kcov/kcov-21/CMakeFiles/CMakeTmp'


Detecting CXX compiler ABI info compiled with the following output:
Change Dir: /home/mingchao.xiamc/practice/c/kcov/kcov-21/CMakeFiles/CMakeTmp

Run Build Command:"/usr/bin/gmake" "cmTryCompileExec3813420748/fast"
/usr/bin/gmake -f CMakeFiles/cmTryCompileExec3813420748.dir/build.make CMakeFiles/cmTryCompileExec3813420748.dir/build
gmake[1]: Entering directory `/home/mingchao.xiamc/practice/c/kcov/kcov-21/CMakeFiles/CMakeTmp'
/usr/local/bin/cmake -E cmake_progress_report /home/mingchao.xiamc/practice/c/kcov/kcov-21/CMakeFiles/CMakeTmp/CMakeFiles 1
Building CXX object CMakeFiles/cmTryCompileExec3813420748.dir/CMakeCXXCompilerABI.cpp.o
/usr/bin/g++44     -o CMakeFiles/cmTryCompileExec3813420748.dir/CMakeCXXCompilerABI.cpp.o -c /usr/local/share/cmake-3.0/Modules/CMakeCXXCompilerABI.cpp
Linking CXX executable cmTryCompileExec3813420748
/usr/local/bin/cmake -E cmake_link_script CMakeFiles/cmTryCompileExec3813420748.dir/link.txt --verbose=1
/usr/bin/g++44      -v CMakeFiles/cmTryCompileExec3813420748.dir/CMakeCXXCompilerABI.cpp.o  -o cmTryCompileExec3813420748 -rdynamic  
Using built-in specs.
Target: x86_64-redhat-linux6E
Configured with: ../configure --prefix=/usr --mandir=/usr/share/man --infodir=/usr/share/info --with-bugurl=http://bugzilla.redhat.com/bugzilla --enable-bootstrap --enable-shared --enable-threads=posix --enable-checking=release --with-system-zlib --enable-__cxa_atexit --disable-libunwind-exceptions --disable-gnu-unique-object --with-as=/usr/libexec/binutils220/as --enable-languages=c,c++,fortran --disable-libgcj --with-mpfr=/builddir/build/BUILD/gcc-4.4.6-20110824/obj-x86_64-redhat-linux6E/mpfr-install/ --with-ppl=/builddir/build/BUILD/gcc-4.4.6-20110824/obj-x86_64-redhat-linux6E/ppl-install --with-cloog=/builddir/build/BUILD/gcc-4.4.6-20110824/obj-x86_64-redhat-linux6E/cloog-install --with-tune=generic --with-arch_32=i586 --build=x86_64-redhat-linux6E
Thread model: posix
gcc version 4.4.6 20110731 (Red Hat 4.4.6-3) (GCC) 
COMPILER_PATH=/usr/libexec/gcc/x86_64-redhat-linux6E/4.4.6/:/usr/libexec/gcc/x86_64-redhat-linux6E/4.4.6/:/usr/libexec/gcc/x86_64-redhat-linux6E/:/usr/lib/gcc/x86_64-redhat-linux6E/4.4.6/:/usr/lib/gcc/x86_64-redhat-linux6E/:/usr/libexec/gcc/x86_64-redhat-linux6E/4.4.6/:/usr/libexec/gcc/x86_64-redhat-linux6E/:/usr/lib/gcc/x86_64-redhat-linux6E/4.4.6/:/usr/lib/gcc/x86_64-redhat-linux6E/
LIBRARY_PATH=/usr/lib/gcc/x86_64-redhat-linux6E/4.4.6/:/usr/lib/gcc/x86_64-redhat-linux6E/4.4.6/:/usr/lib/gcc/x86_64-redhat-linux6E/4.4.6/../../../../lib64/:/lib/../lib64/:/usr/lib/../lib64/:/usr/lib/gcc/x86_64-redhat-linux6E/4.4.6/../../../:/lib/:/usr/lib/
COLLECT_GCC_OPTIONS='-v' '-o' 'cmTryCompileExec3813420748' '-rdynamic' '-shared-libgcc' '-mtune=generic'
 /usr/libexec/gcc/x86_64-redhat-linux6E/4.4.6/collect2 --eh-frame-hdr -m elf_x86_64 --hash-style=gnu -export-dynamic -dynamic-linker /lib64/ld-linux-x86-64.so.2 -o cmTryCompileExec3813420748 /usr/lib/gcc/x86_64-redhat-linux6E/4.4.6/../../../../lib64/crt1.o /usr/lib/gcc/x86_64-redhat-linux6E/4.4.6/../../../../lib64/crti.o /usr/lib/gcc/x86_64-redhat-linux6E/4.4.6/crtbegin.o -L/usr/lib/gcc/x86_64-redhat-linux6E/4.4.6 -L/usr/lib/gcc/x86_64-redhat-linux6E/4.4.6 -L/usr/lib/gcc/x86_64-redhat-linux6E/4.4.6/../../../../lib64 -L/lib/../lib64 -L/usr/lib/../lib64 -L/usr/lib/gcc/x86_64-redhat-linux6E/4.4.6/../../.. CMakeFiles/cmTryCompileExec3813420748.dir/CMakeCXXCompilerABI.cpp.o -lstdc++ -lm -lgcc_s -lgcc -lc -lgcc_s -lgcc /usr/lib/gcc/x86_64-redhat-linux6E/4.4.6/crtend.o /usr/lib/gcc/x86_64-redhat-linux6E/4.4.6/../../../../lib64/crtn.o
gmake[1]: Leaving directory `/home/mingchao.xiamc/practice/c/kcov/kcov-21/CMakeFiles/CMakeTmp'


Parsed CXX implicit link information from above output:
  link line regex: [^( *|.*[/\])(ld|([^/\]+-)?ld|collect2)[^/\]*( |$)]
  ignore line: [Change Dir: /home/mingchao.xiamc/practice/c/kcov/kcov-21/CMakeFiles/CMakeTmp]
  ignore line: []
  ignore line: [Run Build Command:"/usr/bin/gmake" "cmTryCompileExec3813420748/fast"]
  ignore line: [/usr/bin/gmake -f CMakeFiles/cmTryCompileExec3813420748.dir/build.make CMakeFiles/cmTryCompileExec3813420748.dir/build]
  ignore line: [gmake[1]: Entering directory `/home/mingchao.xiamc/practice/c/kcov/kcov-21/CMakeFiles/CMakeTmp']
  ignore line: [/usr/local/bin/cmake -E cmake_progress_report /home/mingchao.xiamc/practice/c/kcov/kcov-21/CMakeFiles/CMakeTmp/CMakeFiles 1]
  ignore line: [Building CXX object CMakeFiles/cmTryCompileExec3813420748.dir/CMakeCXXCompilerABI.cpp.o]
  ignore line: [/usr/bin/g++44     -o CMakeFiles/cmTryCompileExec3813420748.dir/CMakeCXXCompilerABI.cpp.o -c /usr/local/share/cmake-3.0/Modules/CMakeCXXCompilerABI.cpp]
  ignore line: [Linking CXX executable cmTryCompileExec3813420748]
  ignore line: [/usr/local/bin/cmake -E cmake_link_script CMakeFiles/cmTryCompileExec3813420748.dir/link.txt --verbose=1]
  ignore line: [/usr/bin/g++44      -v CMakeFiles/cmTryCompileExec3813420748.dir/CMakeCXXCompilerABI.cpp.o  -o cmTryCompileExec3813420748 -rdynamic  ]
  ignore line: [Using built-in specs.]
  ignore line: [Target: x86_64-redhat-linux6E]
  ignore line: [Configured with: ../configure --prefix=/usr --mandir=/usr/share/man --infodir=/usr/share/info --with-bugurl=http://bugzilla.redhat.com/bugzilla --enable-bootstrap --enable-shared --enable-threads=posix --enable-checking=release --with-system-zlib --enable-__cxa_atexit --disable-libunwind-exceptions --disable-gnu-unique-object --with-as=/usr/libexec/binutils220/as --enable-languages=c,c++,fortran --disable-libgcj --with-mpfr=/builddir/build/BUILD/gcc-4.4.6-20110824/obj-x86_64-redhat-linux6E/mpfr-install/ --with-ppl=/builddir/build/BUILD/gcc-4.4.6-20110824/obj-x86_64-redhat-linux6E/ppl-install --with-cloog=/builddir/build/BUILD/gcc-4.4.6-20110824/obj-x86_64-redhat-linux6E/cloog-install --with-tune=generic --with-arch_32=i586 --build=x86_64-redhat-linux6E]
  ignore line: [Thread model: posix]
  ignore line: [gcc version 4.4.6 20110731 (Red Hat 4.4.6-3) (GCC) ]
  ignore line: [COMPILER_PATH=/usr/libexec/gcc/x86_64-redhat-linux6E/4.4.6/:/usr/libexec/gcc/x86_64-redhat-linux6E/4.4.6/:/usr/libexec/gcc/x86_64-redhat-linux6E/:/usr/lib/gcc/x86_64-redhat-linux6E/4.4.6/:/usr/lib/gcc/x86_64-redhat-linux6E/:/usr/libexec/gcc/x86_64-redhat-linux6E/4.4.6/:/usr/libexec/gcc/x86_64-redhat-linux6E/:/usr/lib/gcc/x86_64-redhat-linux6E/4.4.6/:/usr/lib/gcc/x86_64-redhat-linux6E/]
  ignore line: [LIBRARY_PATH=/usr/lib/gcc/x86_64-redhat-linux6E/4.4.6/:/usr/lib/gcc/x86_64-redhat-linux6E/4.4.6/:/usr/lib/gcc/x86_64-redhat-linux6E/4.4.6/../../../../lib64/:/lib/../lib64/:/usr/lib/../lib64/:/usr/lib/gcc/x86_64-redhat-linux6E/4.4.6/../../../:/lib/:/usr/lib/]
  ignore line: [COLLECT_GCC_OPTIONS='-v' '-o' 'cmTryCompileExec3813420748' '-rdynamic' '-shared-libgcc' '-mtune=generic']
  link line: [ /usr/libexec/gcc/x86_64-redhat-linux6E/4.4.6/collect2 --eh-frame-hdr -m elf_x86_64 --hash-style=gnu -export-dynamic -dynamic-linker /lib64/ld-linux-x86-64.so.2 -o cmTryCompileExec3813420748 /usr/lib/gcc/x86_64-redhat-linux6E/4.4.6/../../../../lib64/crt1.o /usr/lib/gcc/x86_64-redhat-linux6E/4.4.6/../../../../lib64/crti.o /usr/lib/gcc/x86_64-redhat-linux6E/4.4.6/crtbegin.o -L/usr/lib/gcc/x86_64-redhat-linux6E/4.4.6 -L/usr/lib/gcc/x86_64-redhat-linux6E/4.4.6 -L/usr/lib/gcc/x86_64-redhat-linux6E/4.4.6/../../../../lib64 -L/lib/../lib64 -L/usr/lib/../lib64 -L/usr/lib/gcc/x86_64-redhat-linux6E/4.4.6/../../.. CMakeFiles/cmTryCompileExec3813420748.dir/CMakeCXXCompilerABI.cpp.o -lstdc++ -lm -lgcc_s -lgcc -lc -lgcc_s -lgcc /usr/lib/gcc/x86_64-redhat-linux6E/4.4.6/crtend.o /usr/lib/gcc/x86_64-redhat-linux6E/4.4.6/../../../../lib64/crtn.o]
    arg [/usr/libexec/gcc/x86_64-redhat-linux6E/4.4.6/collect2] ==> ignore
    arg [--eh-frame-hdr] ==> ignore
    arg [-m] ==> ignore
    arg [elf_x86_64] ==> ignore
    arg [--hash-style=gnu] ==> ignore
    arg [-export-dynamic] ==> ignore
    arg [-dynamic-linker] ==> ignore
    arg [/lib64/ld-linux-x86-64.so.2] ==> ignore
    arg [-o] ==> ignore
    arg [cmTryCompileExec3813420748] ==> ignore
    arg [/usr/lib/gcc/x86_64-redhat-linux6E/4.4.6/../../../../lib64/crt1.o] ==> ignore
    arg [/usr/lib/gcc/x86_64-redhat-linux6E/4.4.6/../../../../lib64/crti.o] ==> ignore
    arg [/usr/lib/gcc/x86_64-redhat-linux6E/4.4.6/crtbegin.o] ==> ignore
    arg [-L/usr/lib/gcc/x86_64-redhat-linux6E/4.4.6] ==> dir [/usr/lib/gcc/x86_64-redhat-linux6E/4.4.6]
    arg [-L/usr/lib/gcc/x86_64-redhat-linux6E/4.4.6] ==> dir [/usr/lib/gcc/x86_64-redhat-linux6E/4.4.6]
    arg [-L/usr/lib/gcc/x86_64-redhat-linux6E/4.4.6/../../../../lib64] ==> dir [/usr/lib/gcc/x86_64-redhat-linux6E/4.4.6/../../../../lib64]
    arg [-L/lib/../lib64] ==> dir [/lib/../lib64]
    arg [-L/usr/lib/../lib64] ==> dir [/usr/lib/../lib64]
    arg [-L/usr/lib/gcc/x86_64-redhat-linux6E/4.4.6/../../..] ==> dir [/usr/lib/gcc/x86_64-redhat-linux6E/4.4.6/../../..]
    arg [CMakeFiles/cmTryCompileExec3813420748.dir/CMakeCXXCompilerABI.cpp.o] ==> ignore
    arg [-lstdc++] ==> lib [stdc++]
    arg [-lm] ==> lib [m]
    arg [-lgcc_s] ==> lib [gcc_s]
    arg [-lgcc] ==> lib [gcc]
    arg [-lc] ==> lib [c]
    arg [-lgcc_s] ==> lib [gcc_s]
    arg [-lgcc] ==> lib [gcc]
    arg [/usr/lib/gcc/x86_64-redhat-linux6E/4.4.6/crtend.o] ==> ignore
    arg [/usr/lib/gcc/x86_64-redhat-linux6E/4.4.6/../../../../lib64/crtn.o] ==> ignore
  remove lib [gcc_s]
  remove lib [gcc]
  remove lib [gcc_s]
  remove lib [gcc]
  collapse library dir [/usr/lib/gcc/x86_64-redhat-linux6E/4.4.6] ==> [/usr/lib/gcc/x86_64-redhat-linux6E/4.4.6]
  collapse library dir [/usr/lib/gcc/x86_64-redhat-linux6E/4.4.6] ==> [/usr/lib/gcc/x86_64-redhat-linux6E/4.4.6]
  collapse library dir [/usr/lib/gcc/x86_64-redhat-linux6E/4.4.6/../../../../lib64] ==> [/usr/lib64]
  collapse library dir [/lib/../lib64] ==> [/lib64]
  collapse library dir [/usr/lib/../lib64] ==> [/usr/lib64]
  collapse library dir [/usr/lib/gcc/x86_64-redhat-linux6E/4.4.6/../../..] ==> [/usr/lib]
  implicit libs: [stdc++;m;c]
  implicit dirs: [/usr/lib/gcc/x86_64-redhat-linux6E/4.4.6;/usr/lib64;/lib64;/usr/lib]
  implicit fwks: []


